  main.cpp
d:\учёба\2 курс\3 сем\кпияп\курсовая кпияп\игра\игра\menu.h(79): warning C4996: 'sf::Text::setColor': объявлен deprecate
  d:\учёба\github\2d-game-on-c-\библиотека sfml\include\sfml\graphics\text.hpp(177): note:  см. объявление "sf::Text::setColor"
d:\учёба\2 курс\3 сем\кпияп\курсовая кпияп\игра\игра\game.h(26): warning C4244: инициализация: преобразование "sf::Int64" в "float", возможна потеря данных
d:\учёба\2 курс\3 сем\кпияп\курсовая кпияп\игра\игра\game.h(27): warning C4244: =: преобразование "float" в "int", возможна потеря данных
d:\учёба\2 курс\3 сем\кпияп\курсовая кпияп\игра\игра\game.h(18): warning C4996: 'sf::Text::setColor': объявлен deprecate
  d:\учёба\github\2d-game-on-c-\библиотека sfml\include\sfml\graphics\text.hpp(177): note:  см. объявление "sf::Text::setColor"
d:\учёба\2 курс\3 сем\кпияп\курсовая кпияп\игра\игра\game.h(78): warning C4715: startGame: значение возвращается не при всех путях выполнения
main.obj : error LNK2019: ссылка на неразрешенный внешний символ "public: __cdecl Map::~Map(void)" (??1Map@@QEAA@XZ) в функции "bool __cdecl startGame(int &,class sf::RenderWindow &,class Menu &,int &,int &)" (?startGame@@YA_NAEAHAEAVRenderWindow@sf@@AEAVMenu@@00@Z)
main.obj : error LNK2019: ссылка на неразрешенный внешний символ "public: __cdecl Map::Map(class std::list<class Moving *,class std::allocator<class Moving *> > &,int)" (??0Map@@QEAA@AEAV?$list@PEAVMoving@@V?$allocator@PEAVMoving@@@std@@@std@@H@Z) в функции "bool __cdecl startGame(int &,class sf::RenderWindow &,class Menu &,int &,int &)" (?startGame@@YA_NAEAHAEAVRenderWindow@sf@@AEAVMenu@@00@Z)
main.obj : error LNK2019: ссылка на неразрешенный внешний символ "public: void __cdecl Map::createMap(class sf::RenderWindow &)" (?createMap@Map@@QEAAXAEAVRenderWindow@sf@@@Z) в функции "bool __cdecl startGame(int &,class sf::RenderWindow &,class Menu &,int &,int &)" (?startGame@@YA_NAEAHAEAVRenderWindow@sf@@AEAVMenu@@00@Z)
main.obj : error LNK2019: ссылка на неразрешенный внешний символ "public: __cdecl Player::Player(int,float,float,float,float,class std::basic_string<char,struct std::char_traits<char>,class std::allocator<char> >,class std::basic_string<char,struct std::char_traits<char>,class std::allocator<char> >)" (??0Player@@QEAA@HMMMMV?$basic_string@DU?$char_traits@D@std@@V?$allocator@D@2@@std@@0@Z) в функции "bool __cdecl startGame(int &,class sf::RenderWindow &,class Menu &,int &,int &)" (?startGame@@YA_NAEAHAEAVRenderWindow@sf@@AEAVMenu@@00@Z)
main.obj : error LNK2019: ссылка на неразрешенный внешний символ "public: virtual void __cdecl Player::update(float)" (?update@Player@@UEAAXM@Z) в функции "bool __cdecl startGame(int &,class sf::RenderWindow &,class Menu &,int &,int &)" (?startGame@@YA_NAEAHAEAVRenderWindow@sf@@AEAVMenu@@00@Z)
main.obj : error LNK2019: ссылка на неразрешенный внешний символ "public: void __cdecl Player::checkCollisionWithMoving(class std::list<class Moving *,class std::allocator<class Moving *> > &,class std::_List_iterator<class std::_List_val<struct std::_List_simple_types<class Moving *> > > &,float)" (?checkCollisionWithMoving@Player@@QEAAXAEAV?$list@PEAVMoving@@V?$allocator@PEAVMoving@@@std@@@std@@AEAV?$_List_iterator@V?$_List_val@U?$_List_simple_types@PEAVMoving@@@std@@@std@@@3@M@Z) в функции "bool __cdecl startGame(int &,class sf::RenderWindow &,class Menu &,int &,int &)" (?startGame@@YA_NAEAHAEAVRenderWindow@sf@@AEAVMenu@@00@Z)
main.obj : error LNK2019: ссылка на неразрешенный внешний символ "public: bool __cdecl Player::getIsShot(void)" (?getIsShot@Player@@QEAA_NXZ) в функции "bool __cdecl startGame(int &,class sf::RenderWindow &,class Menu &,int &,int &)" (?startGame@@YA_NAEAHAEAVRenderWindow@sf@@AEAVMenu@@00@Z)
main.obj : error LNK2019: ссылка на неразрешенный внешний символ "public: void __cdecl Player::setIsShot(bool)" (?setIsShot@Player@@QEAAX_N@Z) в функции "bool __cdecl startGame(int &,class sf::RenderWindow &,class Menu &,int &,int &)" (?startGame@@YA_NAEAHAEAVRenderWindow@sf@@AEAVMenu@@00@Z)
main.obj : error LNK2019: ссылка на неразрешенный внешний символ "public: int __cdecl Player::getDiraction(void)" (?getDiraction@Player@@QEAAHXZ) в функции "bool __cdecl startGame(int &,class sf::RenderWindow &,class Menu &,int &,int &)" (?startGame@@YA_NAEAHAEAVRenderWindow@sf@@AEAVMenu@@00@Z)
main.obj : error LNK2019: ссылка на неразрешенный внешний символ "public: class sf::View __cdecl Player::getView(void)" (?getView@Player@@QEAA?AVView@sf@@XZ) в функции "bool __cdecl startGame(int &,class sf::RenderWindow &,class Menu &,int &,int &)" (?startGame@@YA_NAEAHAEAVRenderWindow@sf@@AEAVMenu@@00@Z)
main.obj : error LNK2019: ссылка на неразрешенный внешний символ "public: bool __cdecl Player::getNextLevel(void)" (?getNextLevel@Player@@QEAA_NXZ) в функции "bool __cdecl startGame(int &,class sf::RenderWindow &,class Menu &,int &,int &)" (?startGame@@YA_NAEAHAEAVRenderWindow@sf@@AEAVMenu@@00@Z)
main.obj : error LNK2019: ссылка на неразрешенный внешний символ "public: void __cdecl Player::setTimeForShot(float)" (?setTimeForShot@Player@@QEAAXM@Z) в функции "bool __cdecl startGame(int &,class sf::RenderWindow &,class Menu &,int &,int &)" (?startGame@@YA_NAEAHAEAVRenderWindow@sf@@AEAVMenu@@00@Z)
main.obj : error LNK2019: ссылка на неразрешенный внешний символ "public: float __cdecl Player::getTimeForShot(void)" (?getTimeForShot@Player@@QEAAMXZ) в функции "bool __cdecl startGame(int &,class sf::RenderWindow &,class Menu &,int &,int &)" (?startGame@@YA_NAEAHAEAVRenderWindow@sf@@AEAVMenu@@00@Z)
main.obj : error LNK2019: ссылка на неразрешенный внешний символ "public: int __cdecl Player::getScore(void)" (?getScore@Player@@QEAAHXZ) в функции "bool __cdecl startGame(int &,class sf::RenderWindow &,class Menu &,int &,int &)" (?startGame@@YA_NAEAHAEAVRenderWindow@sf@@AEAVMenu@@00@Z)
main.obj : error LNK2019: ссылка на неразрешенный внешний символ "public: __cdecl Bullet::Bullet(float,float,float,float,class sf::String,class sf::String,int)" (??0Bullet@@QEAA@MMMMVString@sf@@0H@Z) в функции "bool __cdecl startGame(int &,class sf::RenderWindow &,class Menu &,int &,int &)" (?startGame@@YA_NAEAHAEAVRenderWindow@sf@@AEAVMenu@@00@Z)
D:\УЧЁБА\GitHub\2D-game-on-C-\LostBoy\x64\Debug\LostBoy.exe : fatal error LNK1120: неразрешенных внешних элементов: 15
