  Player.cpp
d:\учёба\github\2d-game-on-c-\lostboy\lostboy\player.cpp(10): warning C4244: аргумент: преобразование "float" в "int", возможна потеря данных
d:\учёба\github\2d-game-on-c-\lostboy\lostboy\player.cpp(17): warning C4305: =: усечение из "double" к "float"
d:\учёба\github\2d-game-on-c-\lostboy\lostboy\player.cpp(19): warning C4244: +=: преобразование "double" в "float", возможна потеря данных
d:\учёба\github\2d-game-on-c-\lostboy\lostboy\player.cpp(21): warning C4244: аргумент: преобразование "float" в "int", возможна потеря данных
d:\учёба\github\2d-game-on-c-\lostboy\lostboy\player.cpp(28): warning C4305: =: усечение из "double" к "float"
d:\учёба\github\2d-game-on-c-\lostboy\lostboy\player.cpp(30): warning C4244: +=: преобразование "double" в "float", возможна потеря данных
d:\учёба\github\2d-game-on-c-\lostboy\lostboy\player.cpp(41): warning C4305: =: усечение из "double" к "float"
d:\учёба\github\2d-game-on-c-\lostboy\lostboy\player.cpp(42): warning C4244: +=: преобразование "double" в "float", возможна потеря данных
d:\учёба\github\2d-game-on-c-\lostboy\lostboy\player.cpp(44): warning C4244: аргумент: преобразование "float" в "int", возможна потеря данных
d:\учёба\github\2d-game-on-c-\lostboy\lostboy\player.cpp(51): warning C4305: =: усечение из "double" к "float"
d:\учёба\github\2d-game-on-c-\lostboy\lostboy\player.cpp(58): warning C4305: =: усечение из "double" к "float"
d:\учёба\github\2d-game-on-c-\lostboy\lostboy\player.cpp(59): warning C4244: +=: преобразование "double" в "float", возможна потеря данных
d:\учёба\github\2d-game-on-c-\lostboy\lostboy\player.cpp(84): warning C4305: =: усечение из "double" к "float"
d:\учёба\github\2d-game-on-c-\lostboy\lostboy\player.cpp(85): warning C4305: =: усечение из "double" к "float"
d:\учёба\github\2d-game-on-c-\lostboy\lostboy\player.cpp(96): warning C4244: =: преобразование "double" в "float", возможна потеря данных
d:\учёба\github\2d-game-on-c-\lostboy\lostboy\player.cpp(104): warning C4244: инициализация: преобразование "float" в "int", возможна потеря данных
d:\учёба\github\2d-game-on-c-\lostboy\lostboy\player.cpp(106): warning C4244: инициализация: преобразование "float" в "int", возможна потеря данных
d:\учёба\github\2d-game-on-c-\lostboy\lostboy\player.cpp(116): warning C4244: =: преобразование "int" в "float", возможна потеря данных
d:\учёба\github\2d-game-on-c-\lostboy\lostboy\player.cpp(118): warning C4244: =: преобразование "int" в "float", возможна потеря данных
d:\учёба\github\2d-game-on-c-\lostboy\lostboy\player.cpp(158): warning C4305: =: усечение из "double" к "float"
  Platform.cpp
d:\учёба\github\2d-game-on-c-\lostboy\lostboy\platform.cpp(5): warning C4305: =: усечение из "double" к "float"
d:\учёба\github\2d-game-on-c-\lostboy\lostboy\platform.cpp(6): warning C4305: =: усечение из "double" к "float"
d:\учёба\github\2d-game-on-c-\lostboy\lostboy\platform.cpp(7): warning C4244: аргумент: преобразование "float" в "int", возможна потеря данных
d:\учёба\github\2d-game-on-c-\lostboy\lostboy\platform.cpp(26): warning C4244: инициализация: преобразование "float" в "int", возможна потеря данных
d:\учёба\github\2d-game-on-c-\lostboy\lostboy\platform.cpp(27): warning C4244: инициализация: преобразование "float" в "int", возможна потеря данных
d:\учёба\github\2d-game-on-c-\lostboy\lostboy\platform.cpp(32): warning C4244: =: преобразование "int" в "float", возможна потеря данных
d:\учёба\github\2d-game-on-c-\lostboy\lostboy\platform.cpp(34): warning C4244: =: преобразование "int" в "float", возможна потеря данных
  map.cpp
d:\учёба\github\2d-game-on-c-\lostboy\lostboy\map.cpp(27): warning C4244: =: преобразование "double" в "float", возможна потеря данных
d:\учёба\github\2d-game-on-c-\lostboy\lostboy\map.cpp(28): warning C4244: =: преобразование "double" в "float", возможна потеря данных
d:\учёба\github\2d-game-on-c-\lostboy\lostboy\map.cpp(35): warning C4244: =: преобразование "double" в "float", возможна потеря данных
d:\учёба\github\2d-game-on-c-\lostboy\lostboy\map.cpp(36): warning C4244: =: преобразование "double" в "float", возможна потеря данных
d:\учёба\github\2d-game-on-c-\lostboy\lostboy\map.cpp(43): warning C4244: =: преобразование "double" в "float", возможна потеря данных
d:\учёба\github\2d-game-on-c-\lostboy\lostboy\map.cpp(44): warning C4244: =: преобразование "double" в "float", возможна потеря данных
d:\учёба\github\2d-game-on-c-\lostboy\lostboy\map.cpp(14): warning C4996: 'itoa': The POSIX name for this item is deprecated. Instead, use the ISO C and C++ conformant name: _itoa. See online help for details.
  c:\program files (x86)\windows kits\10\include\10.0.10240.0\ucrt\stdlib.h(1316): note:  см. объявление "itoa"
d:\учёба\github\2d-game-on-c-\lostboy\lostboy\map.cpp(81): warning C4244: аргумент: преобразование "int" в "float", возможна потеря данных
  main.cpp
d:\учёба\github\2d-game-on-c-\lostboy\lostboy\menu.h(79): warning C4996: 'sf::Text::setColor': объявлен deprecate
  d:\учёба\github\2d-game-on-c-\библиотека sfml\include\sfml\graphics\text.hpp(177): note:  см. объявление "sf::Text::setColor"
d:\учёба\github\2d-game-on-c-\lostboy\lostboy\game.h(26): warning C4244: инициализация: преобразование "sf::Int64" в "float", возможна потеря данных
d:\учёба\github\2d-game-on-c-\lostboy\lostboy\game.h(27): warning C4244: =: преобразование "float" в "int", возможна потеря данных
d:\учёба\github\2d-game-on-c-\lostboy\lostboy\game.h(18): warning C4996: 'sf::Text::setColor': объявлен deprecate
  d:\учёба\github\2d-game-on-c-\библиотека sfml\include\sfml\graphics\text.hpp(177): note:  см. объявление "sf::Text::setColor"
  Enemy.cpp
d:\учёба\github\2d-game-on-c-\lostboy\lostboy\enemy.cpp(12): warning C4244: аргумент: преобразование "float" в "int", возможна потеря данных
d:\учёба\github\2d-game-on-c-\lostboy\lostboy\enemy.cpp(13): warning C4305: =: усечение из "double" к "float"
d:\учёба\github\2d-game-on-c-\lostboy\lostboy\enemy.cpp(23): warning C4244: +=: преобразование "double" в "float", возможна потеря данных
d:\учёба\github\2d-game-on-c-\lostboy\lostboy\enemy.cpp(32): warning C4244: инициализация: преобразование "float" в "int", возможна потеря данных
d:\учёба\github\2d-game-on-c-\lostboy\lostboy\enemy.cpp(33): warning C4244: инициализация: преобразование "float" в "int", возможна потеря данных
d:\учёба\github\2d-game-on-c-\lostboy\lostboy\enemy.cpp(37): warning C4305: =: усечение из "double" к "float"
d:\учёба\github\2d-game-on-c-\lostboy\lostboy\enemy.cpp(38): warning C4244: =: преобразование "int" в "float", возможна потеря данных
d:\учёба\github\2d-game-on-c-\lostboy\lostboy\enemy.cpp(38): warning C4305: =: усечение из "double" к "float"
  Bullet.cpp
d:\учёба\github\2d-game-on-c-\lostboy\lostboy\bullet.cpp(12): warning C4244: аргумент: преобразование "float" в "int", возможна потеря данных
d:\учёба\github\2d-game-on-c-\lostboy\lostboy\bullet.cpp(30): warning C4244: инициализация: преобразование "float" в "int", возможна потеря данных
d:\учёба\github\2d-game-on-c-\lostboy\lostboy\bullet.cpp(31): warning C4244: инициализация: преобразование "float" в "int", возможна потеря данных
  Создание кода...
d:\учёба\github\2d-game-on-c-\lostboy\lostboy\game.h(78): warning C4715: startGame: значение возвращается не при всех путях выполнения
  LostBoy.vcxproj -> D:\УЧЁБА\GitHub\2D-game-on-C-\LostBoy\Debug\LostBoy.exe
  LostBoy.vcxproj -> D:\УЧЁБА\GitHub\2D-game-on-C-\LostBoy\Debug\LostBoy.pdb (Full PDB)
